# JRE version: OpenJDK Runtime Environment 20.3 (14.0.2+12) (build 14.0.2+12)
# Java VM: OpenJDK 64-Bit Server VM 20.3 (14.0.2+12, mixed mode, sharing, tiered, compressed oops, g1 gc, windows-amd64)
Heap:
 garbage-first heap   total 124928K, used 53762K [0x0000000701e00000, 0x0000000800000000)
  region size 1024K, 3 young (3072K), 1 survivors (1024K)
 Metaspace       used 91765K, capacity 94832K, committed 95132K, reserved 1132544K
  class space    used 11359K, capacity 12465K, committed 12544K, reserved 1048576K
GC Heap History (20 events):
Event: 17345.132 GC heap before
{Heap before GC invocations=97 (full 4):
 garbage-first heap   total 124928K, used 106129K [0x0000000701e00000, 0x0000000800000000)
  region size 1024K, 55 young (56320K), 3 survivors (3072K)
 Metaspace       used 91733K, capacity 94768K, committed 94876K, reserved 1132544K
  class space    used 11359K, capacity 12465K, committed 12544K, reserved 1048576K
}
Event: 17345.135 GC heap after
{Heap after GC invocations=98 (full 4):
 garbage-first heap   total 124928K, used 52880K [0x0000000701e00000, 0x0000000800000000)
  region size 1024K, 3 young (3072K), 3 survivors (3072K)
 Metaspace       used 91733K, capacity 94768K, committed 94876K, reserved 1132544K
  class space    used 11359K, capacity 12465K, committed 12544K, reserved 1048576K
}
Event: 17740.434 GC heap before
{Heap before GC invocations=98 (full 4):
 garbage-first heap   total 124928K, used 106128K [0x0000000701e00000, 0x0000000800000000)
  region size 1024K, 55 young (56320K), 3 survivors (3072K)
 Metaspace       used 91742K, capacity 94768K, committed 94876K, reserved 1132544K
  class space    used 11359K, capacity 12465K, committed 12544K, reserved 1048576K
}
Event: 17740.436 GC heap after
{Heap after GC invocations=99 (full 4):
 garbage-first heap   total 124928K, used 53018K [0x0000000701e00000, 0x0000000800000000)
  region size 1024K, 4 young (4096K), 4 survivors (4096K)
 Metaspace       used 91742K, capacity 94768K, committed 94876K, reserved 1132544K
  class space    used 11359K, capacity 12465K, committed 12544K, reserved 1048576K
}
Event: 18140.512 GC heap before
{Heap before GC invocations=99 (full 4):
 garbage-first heap   total 124928K, used 104218K [0x0000000701e00000, 0x0000000800000000)
  region size 1024K, 54 young (55296K), 4 survivors (4096K)
 Metaspace       used 91742K, capacity 94768K, committed 94876K, reserved 1132544K
  class space    used 11359K, capacity 12465K, committed 12544K, reserved 1048576K
}
Event: 18140.514 GC heap after
{Heap after GC invocations=100 (full 4):
 garbage-first heap   total 124928K, used 52798K [0x0000000701e00000, 0x0000000800000000)
  region size 1024K, 1 young (1024K), 1 survivors (1024K)
 Metaspace       used 91742K, capacity 94768K, committed 94876K, reserved 1132544K
  class space    used 11359K, capacity 12465K, committed 12544K, reserved 1048576K
}
Event: 18571.042 GC heap before
{Heap before GC invocations=100 (full 4):
 garbage-first heap   total 124928K, used 108094K [0x0000000701e00000, 0x0000000800000000)
  region size 1024K, 55 young (56320K), 1 survivors (1024K)
 Metaspace       used 91742K, capacity 94768K, committed 94876K, reserved 1132544K
  class space    used 11359K, capacity 12465K, committed 12544K, reserved 1048576K
}
Event: 18571.044 GC heap after
{Heap after GC invocations=101 (full 4):
 garbage-first heap   total 124928K, used 52800K [0x0000000701e00000, 0x0000000800000000)
  region size 1024K, 1 young (1024K), 1 survivors (1024K)
 Metaspace       used 91742K, capacity 94768K, committed 94876K, reserved 1132544K
  class space    used 11359K, capacity 12465K, committed 12544K, reserved 1048576K
}
Event: 19005.658 GC heap before
{Heap before GC invocations=101 (full 4):
 garbage-first heap   total 124928K, used 108096K [0x0000000701e00000, 0x0000000800000000)
  region size 1024K, 55 young (56320K), 1 survivors (1024K)
 Metaspace       used 91742K, capacity 94768K, committed 94876K, reserved 1132544K
  class space    used 11359K, capacity 12465K, committed 12544K, reserved 1048576K
}
Event: 19005.660 GC heap after
{Heap after GC invocations=102 (full 4):
 garbage-first heap   total 124928K, used 52733K [0x0000000701e00000, 0x0000000800000000)
  region size 1024K, 1 young (1024K), 1 survivors (1024K)
 Metaspace       used 91742K, capacity 94768K, committed 94876K, reserved 1132544K
  class space    used 11359K, capacity 12465K, committed 12544K, reserved 1048576K
}
Event: 19414.946 GC heap before
{Heap before GC invocations=102 (full 4):
 garbage-first heap   total 124928K, used 107005K [0x0000000701e00000, 0x0000000800000000)
  region size 1024K, 54 young (55296K), 1 survivors (1024K)
 Metaspace       used 91760K, capacity 94832K, committed 95132K, reserved 1132544K
  class space    used 11359K, capacity 12465K, committed 12544K, reserved 1048576K
}
Event: 19414.948 GC heap after
{Heap after GC invocations=103 (full 4):
 garbage-first heap   total 124928K, used 52934K [0x0000000701e00000, 0x0000000800000000)
  region size 1024K, 1 young (1024K), 1 survivors (1024K)
 Metaspace       used 91760K, capacity 94832K, committed 95132K, reserved 1132544K
  class space    used 11359K, capacity 12465K, committed 12544K, reserved 1048576K
}
Event: 19830.598 GC heap before
{Heap before GC invocations=103 (full 4):
 garbage-first heap   total 124928K, used 106182K [0x0000000701e00000, 0x0000000800000000)
  region size 1024K, 53 young (54272K), 1 survivors (1024K)
 Metaspace       used 91760K, capacity 94832K, committed 95132K, reserved 1132544K
  class space    used 11359K, capacity 12465K, committed 12544K, reserved 1048576K
}
Event: 19830.600 GC heap after
{Heap after GC invocations=104 (full 4):
 garbage-first heap   total 124928K, used 52783K [0x0000000701e00000, 0x0000000800000000)
  region size 1024K, 1 young (1024K), 1 survivors (1024K)
 Metaspace       used 91760K, capacity 94832K, committed 95132K, reserved 1132544K
  class space    used 11359K, capacity 12465K, committed 12544K, reserved 1048576K
}
Event: 20253.826 GC heap before
{Heap before GC invocations=104 (full 4):
 garbage-first heap   total 124928K, used 107055K [0x0000000701e00000, 0x0000000800000000)
  region size 1024K, 54 young (55296K), 1 survivors (1024K)
 Metaspace       used 91760K, capacity 94832K, committed 95132K, reserved 1132544K
  class space    used 11359K, capacity 12465K, committed 12544K, reserved 1048576K
}
Event: 20253.827 GC heap after
{Heap after GC invocations=105 (full 4):
 garbage-first heap   total 124928K, used 52754K [0x0000000701e00000, 0x0000000800000000)
  region size 1024K, 1 young (1024K), 1 survivors (1024K)
 Metaspace       used 91760K, capacity 94832K, committed 95132K, reserved 1132544K
  class space    used 11359K, capacity 12465K, committed 12544K, reserved 1048576K
}
Event: 20677.720 GC heap before
{Heap before GC invocations=105 (full 4):
 garbage-first heap   total 124928K, used 107026K [0x0000000701e00000, 0x0000000800000000)
  region size 1024K, 54 young (55296K), 1 survivors (1024K)
 Metaspace       used 91760K, capacity 94832K, committed 95132K, reserved 1132544K
  class space    used 11359K, capacity 12465K, committed 12544K, reserved 1048576K
}
Event: 20677.721 GC heap after
{Heap after GC invocations=106 (full 4):
 garbage-first heap   total 124928K, used 52771K [0x0000000701e00000, 0x0000000800000000)
  region size 1024K, 1 young (1024K), 1 survivors (1024K)
 Metaspace       used 91760K, capacity 94832K, committed 95132K, reserved 1132544K
  class space    used 11359K, capacity 12465K, committed 12544K, reserved 1048576K
}
Event: 21104.021 GC heap before
{Heap before GC invocations=106 (full 4):
 garbage-first heap   total 124928K, used 107043K [0x0000000701e00000, 0x0000000800000000)
  region size 1024K, 54 young (55296K), 1 survivors (1024K)
 Metaspace       used 91760K, capacity 94832K, committed 95132K, reserved 1132544K
  class space    used 11359K, capacity 12465K, committed 12544K, reserved 1048576K
}
Event: 21104.023 GC heap after
{Heap after GC invocations=107 (full 4):
 garbage-first heap   total 124928K, used 52738K [0x0000000701e00000, 0x0000000800000000)
  region size 1024K, 1 young (1024K), 1 survivors (1024K)
 Metaspace       used 91760K, capacity 94832K, committed 95132K, reserved 1132544K
  class space    used 11359K, capacity 12465K, committed 12544K, reserved 1048576K
}

